{"/Users/phongtrinh/co1712/FrontEndCapstone/Server/config.js": {"path":"/Users/phongtrinh/co1712/FrontEndCapstone/Server/config.js","statementMap":{"0":{"start":{"line":1,"column":23},"end":{"line":1,"column":65}},"1":{"start":{"line":3,"column":0},"end":{"line":3,"column":32}}},"fnMap":{},"branchMap":{},"s":{"0":2,"1":2},"f":{},"b":{},"_coverageSchema":"1a1c01bbd47fc00a2c39e90264f33305004495a9","hash":"686ee39cc9e652526b91ab8d649b63abef021542"}
,"/Users/phongtrinh/co1712/FrontEndCapstone/Server/index.js": {"path":"/Users/phongtrinh/co1712/FrontEndCapstone/Server/index.js","statementMap":{"0":{"start":{"line":6,"column":12},"end":{"line":6,"column":34}},"1":{"start":{"line":7,"column":13},"end":{"line":7,"column":17}},"2":{"start":{"line":22,"column":0},"end":{"line":24,"column":3}},"3":{"start":{"line":23,"column":2},"end":{"line":23,"column":43}}},"fnMap":{"0":{"name":"(anonymous_0)","decl":{"start":{"line":22,"column":17},"end":{"line":22,"column":18}},"loc":{"start":{"line":22,"column":23},"end":{"line":24,"column":1}},"line":22}},"branchMap":{},"s":{"0":1,"1":1,"2":1,"3":0},"f":{"0":0},"b":{},"_coverageSchema":"1a1c01bbd47fc00a2c39e90264f33305004495a9","hash":"c9f5874fd53a7a932e5f77705a8d06fcb2c128a3"}
,"/Users/phongtrinh/co1712/FrontEndCapstone/Server/server.js": {"path":"/Users/phongtrinh/co1712/FrontEndCapstone/Server/server.js","statementMap":{"0":{"start":{"line":1,"column":16},"end":{"line":1,"column":34}},"1":{"start":{"line":2,"column":13},"end":{"line":2,"column":28}},"2":{"start":{"line":4,"column":14},"end":{"line":4,"column":30}},"3":{"start":{"line":7,"column":18},"end":{"line":7,"column":62}},"4":{"start":{"line":8,"column":17},"end":{"line":8,"column":53}},"5":{"start":{"line":9,"column":16},"end":{"line":9,"column":58}},"6":{"start":{"line":10,"column":10},"end":{"line":10,"column":19}},"7":{"start":{"line":12,"column":0},"end":{"line":12,"column":70}},"8":{"start":{"line":13,"column":0},"end":{"line":13,"column":24}},"9":{"start":{"line":15,"column":0},"end":{"line":15,"column":26}},"10":{"start":{"line":16,"column":0},"end":{"line":16,"column":31}},"11":{"start":{"line":17,"column":0},"end":{"line":17,"column":25}},"12":{"start":{"line":22,"column":0},"end":{"line":22,"column":21}}},"fnMap":{},"branchMap":{},"s":{"0":2,"1":2,"2":2,"3":2,"4":2,"5":2,"6":2,"7":2,"8":2,"9":2,"10":2,"11":2,"12":2},"f":{},"b":{},"_coverageSchema":"1a1c01bbd47fc00a2c39e90264f33305004495a9","hash":"e327a4bac87fffb176db1cdfcb2cf17feccddbb1"}
,"/Users/phongtrinh/co1712/FrontEndCapstone/Server/controllers/productMain.js": {"path":"/Users/phongtrinh/co1712/FrontEndCapstone/Server/controllers/productMain.js","statementMap":{"0":{"start":{"line":1,"column":13},"end":{"line":1,"column":28}},"1":{"start":{"line":3,"column":16},"end":{"line":3,"column":34}},"2":{"start":{"line":4,"column":14},"end":{"line":4,"column":30}},"3":{"start":{"line":6,"column":15},"end":{"line":6,"column":31}},"4":{"start":{"line":9,"column":16},"end":{"line":9,"column":68}},"5":{"start":{"line":11,"column":23},"end":{"line":11,"column":46}},"6":{"start":{"line":31,"column":0},"end":{"line":45,"column":3}},"7":{"start":{"line":33,"column":2},"end":{"line":44,"column":7}},"8":{"start":{"line":39,"column":6},"end":{"line":39,"column":42}},"9":{"start":{"line":42,"column":6},"end":{"line":42,"column":62}},"10":{"start":{"line":43,"column":6},"end":{"line":43,"column":32}},"11":{"start":{"line":47,"column":0},"end":{"line":61,"column":3}},"12":{"start":{"line":49,"column":2},"end":{"line":60,"column":7}},"13":{"start":{"line":55,"column":6},"end":{"line":55,"column":42}},"14":{"start":{"line":58,"column":6},"end":{"line":58,"column":69}},"15":{"start":{"line":59,"column":6},"end":{"line":59,"column":32}},"16":{"start":{"line":63,"column":0},"end":{"line":63,"column":24}}},"fnMap":{"0":{"name":"(anonymous_0)","decl":{"start":{"line":31,"column":26},"end":{"line":31,"column":27}},"loc":{"start":{"line":31,"column":40},"end":{"line":45,"column":1}},"line":31},"1":{"name":"(anonymous_1)","decl":{"start":{"line":36,"column":10},"end":{"line":36,"column":11}},"loc":{"start":{"line":36,"column":24},"end":{"line":40,"column":5}},"line":36},"2":{"name":"(anonymous_2)","decl":{"start":{"line":41,"column":11},"end":{"line":41,"column":12}},"loc":{"start":{"line":41,"column":20},"end":{"line":44,"column":5}},"line":41},"3":{"name":"(anonymous_3)","decl":{"start":{"line":47,"column":33},"end":{"line":47,"column":34}},"loc":{"start":{"line":47,"column":47},"end":{"line":61,"column":1}},"line":47},"4":{"name":"(anonymous_4)","decl":{"start":{"line":52,"column":10},"end":{"line":52,"column":11}},"loc":{"start":{"line":52,"column":24},"end":{"line":56,"column":5}},"line":52},"5":{"name":"(anonymous_5)","decl":{"start":{"line":57,"column":11},"end":{"line":57,"column":12}},"loc":{"start":{"line":57,"column":20},"end":{"line":60,"column":5}},"line":57}},"branchMap":{},"s":{"0":2,"1":2,"2":2,"3":2,"4":2,"5":2,"6":2,"7":0,"8":0,"9":0,"10":0,"11":2,"12":0,"13":0,"14":0,"15":0,"16":2},"f":{"0":0,"1":0,"2":0,"3":0,"4":0,"5":0},"b":{},"_coverageSchema":"1a1c01bbd47fc00a2c39e90264f33305004495a9","hash":"0b3a769e8200aff222eaecdf3d9390b183459100"}
,"/Users/phongtrinh/co1712/FrontEndCapstone/Server/controllers/questionsAnswers.js": {"path":"/Users/phongtrinh/co1712/FrontEndCapstone/Server/controllers/questionsAnswers.js","statementMap":{"0":{"start":{"line":1,"column":16},"end":{"line":1,"column":34}},"1":{"start":{"line":2,"column":14},"end":{"line":2,"column":30}},"2":{"start":{"line":3,"column":15},"end":{"line":3,"column":31}},"3":{"start":{"line":4,"column":12},"end":{"line":4,"column":21}},"4":{"start":{"line":5,"column":0},"end":{"line":5,"column":24}},"5":{"start":{"line":7,"column":23},"end":{"line":7,"column":46}},"6":{"start":{"line":8,"column":16},"end":{"line":8,"column":82}},"7":{"start":{"line":9,"column":13},"end":{"line":9,"column":77}},"8":{"start":{"line":13,"column":0},"end":{"line":31,"column":3}},"9":{"start":{"line":15,"column":2},"end":{"line":30,"column":7}},"10":{"start":{"line":25,"column":6},"end":{"line":25,"column":50}},"11":{"start":{"line":28,"column":6},"end":{"line":28,"column":52}},"12":{"start":{"line":29,"column":6},"end":{"line":29,"column":32}},"13":{"start":{"line":33,"column":0},"end":{"line":51,"column":3}},"14":{"start":{"line":35,"column":13},"end":{"line":35,"column":34}},"15":{"start":{"line":36,"column":14},"end":{"line":36,"column":40}},"16":{"start":{"line":37,"column":17},"end":{"line":40,"column":3}},"17":{"start":{"line":42,"column":2},"end":{"line":50,"column":7}},"18":{"start":{"line":45,"column":6},"end":{"line":45,"column":50}},"19":{"start":{"line":48,"column":6},"end":{"line":48,"column":70}},"20":{"start":{"line":49,"column":6},"end":{"line":49,"column":32}},"21":{"start":{"line":54,"column":0},"end":{"line":69,"column":3}},"22":{"start":{"line":55,"column":2},"end":{"line":55,"column":61}},"23":{"start":{"line":57,"column":2},"end":{"line":68,"column":7}},"24":{"start":{"line":62,"column":6},"end":{"line":62,"column":71}},"25":{"start":{"line":63,"column":6},"end":{"line":63,"column":42}},"26":{"start":{"line":66,"column":6},"end":{"line":66,"column":50}},"27":{"start":{"line":67,"column":6},"end":{"line":67,"column":32}},"28":{"start":{"line":72,"column":0},"end":{"line":86,"column":3}},"29":{"start":{"line":73,"column":2},"end":{"line":73,"column":81}},"30":{"start":{"line":75,"column":2},"end":{"line":85,"column":7}},"31":{"start":{"line":79,"column":6},"end":{"line":79,"column":81}},"32":{"start":{"line":80,"column":6},"end":{"line":80,"column":42}},"33":{"start":{"line":83,"column":6},"end":{"line":83,"column":70}},"34":{"start":{"line":84,"column":6},"end":{"line":84,"column":32}},"35":{"start":{"line":88,"column":0},"end":{"line":100,"column":3}},"36":{"start":{"line":89,"column":2},"end":{"line":99,"column":7}},"37":{"start":{"line":93,"column":6},"end":{"line":93,"column":80}},"38":{"start":{"line":94,"column":6},"end":{"line":94,"column":42}},"39":{"start":{"line":97,"column":6},"end":{"line":97,"column":69}},"40":{"start":{"line":98,"column":6},"end":{"line":98,"column":32}},"41":{"start":{"line":102,"column":0},"end":{"line":114,"column":3}},"42":{"start":{"line":103,"column":2},"end":{"line":113,"column":7}},"43":{"start":{"line":107,"column":6},"end":{"line":107,"column":79}},"44":{"start":{"line":108,"column":6},"end":{"line":108,"column":42}},"45":{"start":{"line":111,"column":6},"end":{"line":111,"column":68}},"46":{"start":{"line":112,"column":6},"end":{"line":112,"column":32}},"47":{"start":{"line":118,"column":0},"end":{"line":130,"column":3}},"48":{"start":{"line":119,"column":2},"end":{"line":129,"column":7}},"49":{"start":{"line":123,"column":6},"end":{"line":123,"column":76}},"50":{"start":{"line":124,"column":6},"end":{"line":124,"column":42}},"51":{"start":{"line":127,"column":6},"end":{"line":127,"column":66}},"52":{"start":{"line":128,"column":6},"end":{"line":128,"column":32}},"53":{"start":{"line":133,"column":0},"end":{"line":145,"column":3}},"54":{"start":{"line":134,"column":2},"end":{"line":144,"column":7}},"55":{"start":{"line":138,"column":6},"end":{"line":138,"column":75}},"56":{"start":{"line":139,"column":6},"end":{"line":139,"column":42}},"57":{"start":{"line":142,"column":6},"end":{"line":142,"column":65}},"58":{"start":{"line":143,"column":6},"end":{"line":143,"column":32}},"59":{"start":{"line":147,"column":0},"end":{"line":147,"column":24}}},"fnMap":{"0":{"name":"(anonymous_0)","decl":{"start":{"line":13,"column":25},"end":{"line":13,"column":26}},"loc":{"start":{"line":13,"column":39},"end":{"line":31,"column":1}},"line":13},"1":{"name":"(anonymous_1)","decl":{"start":{"line":23,"column":10},"end":{"line":23,"column":11}},"loc":{"start":{"line":23,"column":24},"end":{"line":26,"column":5}},"line":23},"2":{"name":"(anonymous_2)","decl":{"start":{"line":27,"column":11},"end":{"line":27,"column":12}},"loc":{"start":{"line":27,"column":20},"end":{"line":30,"column":5}},"line":27},"3":{"name":"(anonymous_3)","decl":{"start":{"line":33,"column":45},"end":{"line":33,"column":46}},"loc":{"start":{"line":33,"column":59},"end":{"line":51,"column":1}},"line":33},"4":{"name":"(anonymous_4)","decl":{"start":{"line":43,"column":10},"end":{"line":43,"column":11}},"loc":{"start":{"line":43,"column":24},"end":{"line":46,"column":5}},"line":43},"5":{"name":"(anonymous_5)","decl":{"start":{"line":47,"column":11},"end":{"line":47,"column":12}},"loc":{"start":{"line":47,"column":20},"end":{"line":50,"column":5}},"line":47},"6":{"name":"(anonymous_6)","decl":{"start":{"line":54,"column":26},"end":{"line":54,"column":27}},"loc":{"start":{"line":54,"column":40},"end":{"line":69,"column":1}},"line":54},"7":{"name":"(anonymous_7)","decl":{"start":{"line":61,"column":10},"end":{"line":61,"column":11}},"loc":{"start":{"line":61,"column":24},"end":{"line":64,"column":5}},"line":61},"8":{"name":"(anonymous_8)","decl":{"start":{"line":65,"column":11},"end":{"line":65,"column":12}},"loc":{"start":{"line":65,"column":20},"end":{"line":68,"column":5}},"line":65},"9":{"name":"(anonymous_9)","decl":{"start":{"line":72,"column":47},"end":{"line":72,"column":48}},"loc":{"start":{"line":72,"column":61},"end":{"line":86,"column":1}},"line":72},"10":{"name":"(anonymous_10)","decl":{"start":{"line":78,"column":10},"end":{"line":78,"column":11}},"loc":{"start":{"line":78,"column":24},"end":{"line":81,"column":5}},"line":78},"11":{"name":"(anonymous_11)","decl":{"start":{"line":82,"column":11},"end":{"line":82,"column":12}},"loc":{"start":{"line":82,"column":20},"end":{"line":85,"column":5}},"line":82},"12":{"name":"(anonymous_12)","decl":{"start":{"line":88,"column":46},"end":{"line":88,"column":47}},"loc":{"start":{"line":88,"column":60},"end":{"line":100,"column":1}},"line":88},"13":{"name":"(anonymous_13)","decl":{"start":{"line":92,"column":10},"end":{"line":92,"column":11}},"loc":{"start":{"line":92,"column":24},"end":{"line":95,"column":5}},"line":92},"14":{"name":"(anonymous_14)","decl":{"start":{"line":96,"column":11},"end":{"line":96,"column":12}},"loc":{"start":{"line":96,"column":20},"end":{"line":99,"column":5}},"line":96},"15":{"name":"(anonymous_15)","decl":{"start":{"line":102,"column":45},"end":{"line":102,"column":46}},"loc":{"start":{"line":102,"column":59},"end":{"line":114,"column":1}},"line":102},"16":{"name":"(anonymous_16)","decl":{"start":{"line":106,"column":10},"end":{"line":106,"column":11}},"loc":{"start":{"line":106,"column":24},"end":{"line":109,"column":5}},"line":106},"17":{"name":"(anonymous_17)","decl":{"start":{"line":110,"column":11},"end":{"line":110,"column":12}},"loc":{"start":{"line":110,"column":20},"end":{"line":113,"column":5}},"line":110},"18":{"name":"(anonymous_18)","decl":{"start":{"line":118,"column":42},"end":{"line":118,"column":43}},"loc":{"start":{"line":118,"column":56},"end":{"line":130,"column":1}},"line":118},"19":{"name":"(anonymous_19)","decl":{"start":{"line":122,"column":10},"end":{"line":122,"column":11}},"loc":{"start":{"line":122,"column":24},"end":{"line":125,"column":5}},"line":122},"20":{"name":"(anonymous_20)","decl":{"start":{"line":126,"column":11},"end":{"line":126,"column":12}},"loc":{"start":{"line":126,"column":20},"end":{"line":129,"column":5}},"line":126},"21":{"name":"(anonymous_21)","decl":{"start":{"line":133,"column":41},"end":{"line":133,"column":42}},"loc":{"start":{"line":133,"column":55},"end":{"line":145,"column":1}},"line":133},"22":{"name":"(anonymous_22)","decl":{"start":{"line":137,"column":10},"end":{"line":137,"column":11}},"loc":{"start":{"line":137,"column":24},"end":{"line":140,"column":5}},"line":137},"23":{"name":"(anonymous_23)","decl":{"start":{"line":141,"column":11},"end":{"line":141,"column":12}},"loc":{"start":{"line":141,"column":20},"end":{"line":144,"column":5}},"line":141}},"branchMap":{},"s":{"0":2,"1":2,"2":2,"3":2,"4":2,"5":2,"6":2,"7":2,"8":2,"9":0,"10":0,"11":0,"12":0,"13":2,"14":0,"15":0,"16":0,"17":0,"18":0,"19":0,"20":0,"21":2,"22":0,"23":0,"24":0,"25":0,"26":0,"27":0,"28":2,"29":0,"30":0,"31":0,"32":0,"33":0,"34":0,"35":2,"36":0,"37":0,"38":0,"39":0,"40":0,"41":2,"42":0,"43":0,"44":0,"45":0,"46":0,"47":2,"48":0,"49":0,"50":0,"51":0,"52":0,"53":2,"54":0,"55":0,"56":0,"57":0,"58":0,"59":2},"f":{"0":0,"1":0,"2":0,"3":0,"4":0,"5":0,"6":0,"7":0,"8":0,"9":0,"10":0,"11":0,"12":0,"13":0,"14":0,"15":0,"16":0,"17":0,"18":0,"19":0,"20":0,"21":0,"22":0,"23":0},"b":{},"_coverageSchema":"1a1c01bbd47fc00a2c39e90264f33305004495a9","hash":"0034c985c6f0c6ada4d5dceb4fcb15d83df78f5c"}
,"/Users/phongtrinh/co1712/FrontEndCapstone/Server/controllers/ratingsReviews.js": {"path":"/Users/phongtrinh/co1712/FrontEndCapstone/Server/controllers/ratingsReviews.js","statementMap":{"0":{"start":{"line":2,"column":16},"end":{"line":2,"column":34}},"1":{"start":{"line":3,"column":14},"end":{"line":3,"column":30}},"2":{"start":{"line":5,"column":15},"end":{"line":5,"column":31}},"3":{"start":{"line":7,"column":27},"end":{"line":7,"column":50}},"4":{"start":{"line":8,"column":16},"end":{"line":8,"column":69}},"5":{"start":{"line":11,"column":0},"end":{"line":28,"column":3}},"6":{"start":{"line":12,"column":2},"end":{"line":27,"column":7}},"7":{"start":{"line":22,"column":6},"end":{"line":22,"column":42}},"8":{"start":{"line":25,"column":6},"end":{"line":25,"column":53}},"9":{"start":{"line":26,"column":6},"end":{"line":26,"column":32}},"10":{"start":{"line":31,"column":0},"end":{"line":46,"column":3}},"11":{"start":{"line":32,"column":14},"end":{"line":32,"column":39}},"12":{"start":{"line":33,"column":2},"end":{"line":45,"column":7}},"13":{"start":{"line":40,"column":6},"end":{"line":40,"column":42}},"14":{"start":{"line":43,"column":6},"end":{"line":43,"column":45}},"15":{"start":{"line":44,"column":6},"end":{"line":44,"column":32}},"16":{"start":{"line":50,"column":0},"end":{"line":62,"column":3}},"17":{"start":{"line":51,"column":2},"end":{"line":51,"column":52}},"18":{"start":{"line":52,"column":2},"end":{"line":61,"column":7}},"19":{"start":{"line":56,"column":6},"end":{"line":56,"column":41}},"20":{"start":{"line":59,"column":6},"end":{"line":59,"column":46}},"21":{"start":{"line":60,"column":6},"end":{"line":60,"column":32}},"22":{"start":{"line":64,"column":0},"end":{"line":81,"column":3}},"23":{"start":{"line":65,"column":2},"end":{"line":65,"column":45}},"24":{"start":{"line":83,"column":0},"end":{"line":100,"column":3}},"25":{"start":{"line":84,"column":2},"end":{"line":84,"column":44}},"26":{"start":{"line":102,"column":0},"end":{"line":102,"column":24}}},"fnMap":{"0":{"name":"(anonymous_0)","decl":{"start":{"line":11,"column":23},"end":{"line":11,"column":24}},"loc":{"start":{"line":11,"column":37},"end":{"line":28,"column":1}},"line":11},"1":{"name":"(anonymous_1)","decl":{"start":{"line":21,"column":10},"end":{"line":21,"column":11}},"loc":{"start":{"line":21,"column":24},"end":{"line":23,"column":5}},"line":21},"2":{"name":"(anonymous_2)","decl":{"start":{"line":24,"column":11},"end":{"line":24,"column":12}},"loc":{"start":{"line":24,"column":20},"end":{"line":27,"column":5}},"line":24},"3":{"name":"(anonymous_3)","decl":{"start":{"line":31,"column":28},"end":{"line":31,"column":29}},"loc":{"start":{"line":31,"column":42},"end":{"line":46,"column":1}},"line":31},"4":{"name":"(anonymous_4)","decl":{"start":{"line":39,"column":10},"end":{"line":39,"column":11}},"loc":{"start":{"line":39,"column":24},"end":{"line":41,"column":5}},"line":39},"5":{"name":"(anonymous_5)","decl":{"start":{"line":42,"column":11},"end":{"line":42,"column":12}},"loc":{"start":{"line":42,"column":20},"end":{"line":45,"column":5}},"line":42},"6":{"name":"(anonymous_6)","decl":{"start":{"line":50,"column":24},"end":{"line":50,"column":25}},"loc":{"start":{"line":50,"column":38},"end":{"line":62,"column":1}},"line":50},"7":{"name":"(anonymous_7)","decl":{"start":{"line":55,"column":10},"end":{"line":55,"column":11}},"loc":{"start":{"line":55,"column":24},"end":{"line":57,"column":5}},"line":55},"8":{"name":"(anonymous_8)","decl":{"start":{"line":58,"column":11},"end":{"line":58,"column":12}},"loc":{"start":{"line":58,"column":20},"end":{"line":61,"column":5}},"line":58},"9":{"name":"(anonymous_9)","decl":{"start":{"line":64,"column":42},"end":{"line":64,"column":43}},"loc":{"start":{"line":64,"column":56},"end":{"line":81,"column":1}},"line":64},"10":{"name":"(anonymous_10)","decl":{"start":{"line":83,"column":41},"end":{"line":83,"column":42}},"loc":{"start":{"line":83,"column":55},"end":{"line":100,"column":1}},"line":83}},"branchMap":{},"s":{"0":2,"1":2,"2":2,"3":2,"4":2,"5":2,"6":0,"7":0,"8":0,"9":0,"10":2,"11":0,"12":0,"13":0,"14":0,"15":0,"16":2,"17":0,"18":0,"19":0,"20":0,"21":0,"22":2,"23":0,"24":2,"25":0,"26":2},"f":{"0":0,"1":0,"2":0,"3":0,"4":0,"5":0,"6":0,"7":0,"8":0,"9":0,"10":0},"b":{},"_coverageSchema":"1a1c01bbd47fc00a2c39e90264f33305004495a9","hash":"98d813a23f3ada46a65d79ff1c01e283ef4fb31f"}
}
